ViewPagerIndicatorSample/build/outputs/logs/manifest-merger-debug-report.txt
-- Merging decision tree log ---
manifest
ADDED from src\main\AndroidManifest.xml:2:1-291:12
	package
		ADDED from src\main\AndroidManifest.xml:3:11-50
		INJECTED from src\main\AndroidManifest.xml
		INJECTED from src\main\AndroidManifest.xml
	android:versionName
		ADDED from src\main\AndroidManifest.xml:5:11-38
		INJECTED from src\main\AndroidManifest.xml
		INJECTED from src\main\AndroidManifest.xml
	android:versionCode
		ADDED from src\main\AndroidManifest.xml:4:11-35
		INJECTED from src\main\AndroidManifest.xml
		INJECTED from src\main\AndroidManifest.xml
	xmlns:android
		ADDED from src\main\AndroidManifest.xml:2:11-69
uses-sdk
ADDED from src\main\AndroidManifest.xml:7:5-9:40
MERGED from [com.android.support:support-v4:24.2.0] AndroidManifest.xml:21:5-23:54
MERGED from [com.android.support:support-compat:24.2.0] AndroidManifest.xml:21:5-23:58
MERGED from [com.android.support:support-core-utils:24.2.0] AndroidManifest.xml:21:5-23:61
MERGED from [com.android.support:support-compat:24.2.0] AndroidManifest.xml:21:5-23:58
MERGED from [com.android.support:support-media-compat:24.2.0] AndroidManifest.xml:21:5-23:63
MERGED from [com.android.support:support-compat:24.2.0] AndroidManifest.xml:21:5-23:58
MERGED from [com.android.support:support-core-ui:24.2.0] AndroidManifest.xml:21:5-23:58
MERGED from [com.android.support:support-compat:24.2.0] AndroidManifest.xml:21:5-23:58
MERGED from [com.android.support:support-fragment:24.2.0] AndroidManifest.xml:21:5-23:60
MERGED from [com.android.support:support-compat:24.2.0] AndroidManifest.xml:21:5-23:58
MERGED from [com.android.support:support-core-utils:24.2.0] AndroidManifest.xml:21:5-23:61
MERGED from [com.android.support:support-compat:24.2.0] AndroidManifest.xml:21:5-23:58
MERGED from [com.android.support:support-media-compat:24.2.0] AndroidManifest.xml:21:5-23:63
MERGED from [com.android.support:support-compat:24.2.0] AndroidManifest.xml:21:5-23:58
MERGED from [com.android.support:support-core-ui:24.2.0] AndroidManifest.xml:21:5-23:58
MERGED from [com.android.support:support-compat:24.2.0] AndroidManifest.xml:21:5-23:58
MERGED from [SlashYouth:ViewPagerIndicatorLibrary:unspecified] AndroidManifest.xml:7:5-9:41
MERGED from [com.android.support:support-v4:24.2.0] AndroidManifest.xml:21:5-23:54
MERGED from [com.android.support:support-compat:24.2.0] AndroidManifest.xml:21:5-23:58
MERGED from [com.android.support:support-core-utils:24.2.0] AndroidManifest.xml:21:5-23:61
MERGED from [com.android.support:support-compat:24.2.0] AndroidManifest.xml:21:5-23:58
MERGED from [com.android.support:support-media-compat:24.2.0] AndroidManifest.xml:21:5-23:63
MERGED from [com.android.support:support-compat:24.2.0] AndroidManifest.xml:21:5-23:58
MERGED from [com.android.support:support-core-ui:24.2.0] AndroidManifest.xml:21:5-23:58
MERGED from [com.android.support:support-compat:24.2.0] AndroidManifest.xml:21:5-23:58
MERGED from [com.android.support:support-fragment:24.2.0] AndroidManifest.xml:21:5-23:60
MERGED from [com.android.support:support-compat:24.2.0] AndroidManifest.xml:21:5-23:58
MERGED from [com.android.support:support-core-utils:24.2.0] AndroidManifest.xml:21:5-23:61
MERGED from [com.android.support:support-compat:24.2.0] AndroidManifest.xml:21:5-23:58
MERGED from [com.android.support:support-media-compat:24.2.0] AndroidManifest.xml:21:5-23:63
MERGED from [com.android.support:support-compat:24.2.0] AndroidManifest.xml:21:5-23:58
MERGED from [com.android.support:support-core-ui:24.2.0] AndroidManifest.xml:21:5-23:58
MERGED from [com.android.support:support-compat:24.2.0] AndroidManifest.xml:21:5-23:58
	tools:overrideLibrary
		ADDED from [com.android.support:support-v4:24.2.0] AndroidManifest.xml:23:9-51
	android:targetSdkVersion
		ADDED from src\main\AndroidManifest.xml:9:9-38
		INJECTED from src\main\AndroidManifest.xml
		INJECTED from src\main\AndroidManifest.xml
	android:minSdkVersion
		ADDED from src\main\AndroidManifest.xml:8:9-34
		INJECTED from src\main\AndroidManifest.xml
		INJECTED from src\main\AndroidManifest.xml
application
ADDED from src\main\AndroidManifest.xml:11:5-290:19
MERGED from [com.android.support:support-v4:24.2.0] AndroidManifest.xml:25:5-20
MERGED from [com.android.support:support-compat:24.2.0] AndroidManifest.xml:25:5-20
MERGED from [com.android.support:support-core-utils:24.2.0] AndroidManifest.xml:25:5-20
MERGED from [com.android.support:support-compat:24.2.0] AndroidManifest.xml:25:5-20
MERGED from [com.android.support:support-media-compat:24.2.0] AndroidManifest.xml:25:5-20
MERGED from [com.android.support:support-compat:24.2.0] AndroidManifest.xml:25:5-20
MERGED from [com.android.support:support-core-ui:24.2.0] AndroidManifest.xml:25:5-20
MERGED from [com.android.support:support-compat:24.2.0] AndroidManifest.xml:25:5-20
MERGED from [com.android.support:support-fragment:24.2.0] AndroidManifest.xml:25:5-20
MERGED from [com.android.support:support-compat:24.2.0] AndroidManifest.xml:25:5-20
MERGED from [com.android.support:support-core-utils:24.2.0] AndroidManifest.xml:25:5-20
MERGED from [com.android.support:support-compat:24.2.0] AndroidManifest.xml:25:5-20
MERGED from [com.android.support:support-media-compat:24.2.0] AndroidManifest.xml:25:5-20
MERGED from [com.android.support:support-compat:24.2.0] AndroidManifest.xml:25:5-20
MERGED from [com.android.support:support-core-ui:24.2.0] AndroidManifest.xml:25:5-20
MERGED from [com.android.support:support-compat:24.2.0] AndroidManifest.xml:25:5-20
MERGED from [com.android.support:support-v4:24.2.0] AndroidManifest.xml:25:5-20
MERGED from [com.android.support:support-compat:24.2.0] AndroidManifest.xml:25:5-20
MERGED from [com.android.support:support-core-utils:24.2.0] AndroidManifest.xml:25:5-20
MERGED from [com.android.support:support-compat:24.2.0] AndroidManifest.xml:25:5-20
MERGED from [com.android.support:support-media-compat:24.2.0] AndroidManifest.xml:25:5-20
MERGED from [com.android.support:support-compat:24.2.0] AndroidManifest.xml:25:5-20
MERGED from [com.android.support:support-core-ui:24.2.0] AndroidManifest.xml:25:5-20
MERGED from [com.android.support:support-compat:24.2.0] AndroidManifest.xml:25:5-20
MERGED from [com.android.support:support-fragment:24.2.0] AndroidManifest.xml:25:5-20
MERGED from [com.android.support:support-compat:24.2.0] AndroidManifest.xml:25:5-20
MERGED from [com.android.support:support-core-utils:24.2.0] AndroidManifest.xml:25:5-20
MERGED from [com.android.support:support-compat:24.2.0] AndroidManifest.xml:25:5-20
MERGED from [com.android.support:support-media-compat:24.2.0] AndroidManifest.xml:25:5-20
MERGED from [com.android.support:support-compat:24.2.0] AndroidManifest.xml:25:5-20
MERGED from [com.android.support:support-core-ui:24.2.0] AndroidManifest.xml:25:5-20
MERGED from [com.android.support:support-compat:24.2.0] AndroidManifest.xml:25:5-20
	android:label
		ADDED from src\main\AndroidManifest.xml:13:9-50
	android:icon
		ADDED from src\main\AndroidManifest.xml:12:9-38
activity#com.viewpagerindicator.sample.ListSamples
ADDED from src\main\AndroidManifest.xml:15:9-23:20
	android:label
		ADDED from src\main\AndroidManifest.xml:17:13-48
	android:name
		ADDED from src\main\AndroidManifest.xml:16:13-40
intent-filter#android.intent.action.MAIN+android.intent.category.LAUNCHER
ADDED from src\main\AndroidManifest.xml:19:13-22:29
action#android.intent.action.MAIN
ADDED from src\main\AndroidManifest.xml:20:17-68
	android:name
		ADDED from src\main\AndroidManifest.xml:20:25-66
category#android.intent.category.LAUNCHER
ADDED from src\main\AndroidManifest.xml:21:17-76
	android:name
		ADDED from src\main\AndroidManifest.xml:21:27-74
activity#com.viewpagerindicator.sample.SampleCirclesDefault
ADDED from src\main\AndroidManifest.xml:27:9-34:20
	android:label
		ADDED from src\main\AndroidManifest.xml:29:13-44
	android:name
		ADDED from src\main\AndroidManifest.xml:28:13-49
intent-filter#android.intent.action.MAIN+com.jakewharton.android.viewpagerindicator.sample.SAMPLE
ADDED from src\main\AndroidManifest.xml:30:13-33:29
category#com.jakewharton.android.viewpagerindicator.sample.SAMPLE
ADDED from src\main\AndroidManifest.xml:32:17-100
	android:name
		ADDED from src\main\AndroidManifest.xml:32:27-98
activity#com.viewpagerindicator.sample.SampleCirclesInitialPage
ADDED from src\main\AndroidManifest.xml:35:9-42:20
	android:label
		ADDED from src\main\AndroidManifest.xml:37:13-49
	android:name
		ADDED from src\main\AndroidManifest.xml:36:13-53
activity#com.viewpagerindicator.sample.SampleCirclesSnap
ADDED from src\main\AndroidManifest.xml:43:9-50:20
	android:label
		ADDED from src\main\AndroidManifest.xml:45:13-41
	android:name
		ADDED from src\main\AndroidManifest.xml:44:13-46
activity#com.viewpagerindicator.sample.SampleCirclesStyledLayout
ADDED from src\main\AndroidManifest.xml:51:9-59:20
	android:label
		ADDED from src\main\AndroidManifest.xml:53:13-56
	android:theme
		ADDED from src\main\AndroidManifest.xml:54:13-55
	android:name
		ADDED from src\main\AndroidManifest.xml:52:13-54
activity#com.viewpagerindicator.sample.SampleCirclesStyledMethods
ADDED from src\main\AndroidManifest.xml:60:9-68:20
	android:label
		ADDED from src\main\AndroidManifest.xml:62:13-57
	android:theme
		ADDED from src\main\AndroidManifest.xml:63:13-55
	android:name
		ADDED from src\main\AndroidManifest.xml:61:13-55
activity#com.viewpagerindicator.sample.SampleCirclesStyledTheme
ADDED from src\main\AndroidManifest.xml:69:9-77:20
	android:label
		ADDED from src\main\AndroidManifest.xml:71:13-55
	android:theme
		ADDED from src\main\AndroidManifest.xml:72:13-52
	android:name
		ADDED from src\main\AndroidManifest.xml:70:13-53
activity#com.viewpagerindicator.sample.SampleCirclesWithListener
ADDED from src\main\AndroidManifest.xml:78:9-85:20
	android:label
		ADDED from src\main\AndroidManifest.xml:80:13-50
	android:name
		ADDED from src\main\AndroidManifest.xml:79:13-54
activity#com.viewpagerindicator.sample.SampleIconsDefault
ADDED from src\main\AndroidManifest.xml:89:9-96:20
	android:label
		ADDED from src\main\AndroidManifest.xml:91:13-42
	android:name
		ADDED from src\main\AndroidManifest.xml:90:13-47
activity#com.viewpagerindicator.sample.SampleLinesDefault
ADDED from src\main\AndroidManifest.xml:100:9-107:20
	android:label
		ADDED from src\main\AndroidManifest.xml:102:13-42
	android:name
		ADDED from src\main\AndroidManifest.xml:101:13-47
activity#com.viewpagerindicator.sample.SampleLinesStyledLayout
ADDED from src\main\AndroidManifest.xml:108:9-116:20
	android:label
		ADDED from src\main\AndroidManifest.xml:110:13-54
	android:theme
		ADDED from src\main\AndroidManifest.xml:111:13-55
	android:name
		ADDED from src\main\AndroidManifest.xml:109:13-52
activity#com.viewpagerindicator.sample.SampleLinesStyledMethods
ADDED from src\main\AndroidManifest.xml:117:9-125:20
	android:label
		ADDED from src\main\AndroidManifest.xml:119:13-55
	android:theme
		ADDED from src\main\AndroidManifest.xml:120:13-55
	android:name
		ADDED from src\main\AndroidManifest.xml:118:13-53
activity#com.viewpagerindicator.sample.SampleLinesStyledTheme
ADDED from src\main\AndroidManifest.xml:126:9-134:20
	android:label
		ADDED from src\main\AndroidManifest.xml:128:13-53
	android:theme
		ADDED from src\main\AndroidManifest.xml:129:13-52
	android:name
		ADDED from src\main\AndroidManifest.xml:127:13-51
activity#com.viewpagerindicator.sample.SampleTitlesBottom
ADDED from src\main\AndroidManifest.xml:138:9-145:20
	android:label
		ADDED from src\main\AndroidManifest.xml:140:13-52
	android:name
		ADDED from src\main\AndroidManifest.xml:139:13-47
activity#com.viewpagerindicator.sample.SampleTitlesCenterClickListener
ADDED from src\main\AndroidManifest.xml:146:9-153:20
	android:label
		ADDED from src\main\AndroidManifest.xml:148:13-57
	android:name
		ADDED from src\main\AndroidManifest.xml:147:13-60
activity#com.viewpagerindicator.sample.SampleTitlesDefault
ADDED from src\main\AndroidManifest.xml:154:9-161:20
	android:label
		ADDED from src\main\AndroidManifest.xml:156:13-43
	android:name
		ADDED from src\main\AndroidManifest.xml:155:13-48
activity#com.viewpagerindicator.sample.SampleTitlesInitialPage
ADDED from src\main\AndroidManifest.xml:162:9-169:20
	android:label
		ADDED from src\main\AndroidManifest.xml:164:13-48
	android:name
		ADDED from src\main\AndroidManifest.xml:163:13-52
activity#com.viewpagerindicator.sample.SampleTitlesStyledLayout
ADDED from src\main\AndroidManifest.xml:170:9-178:20
	android:label
		ADDED from src\main\AndroidManifest.xml:172:13-55
	android:theme
		ADDED from src\main\AndroidManifest.xml:173:13-55
	android:name
		ADDED from src\main\AndroidManifest.xml:171:13-53
activity#com.viewpagerindicator.sample.SampleTitlesStyledMethods
ADDED from src\main\AndroidManifest.xml:179:9-187:20
	android:label
		ADDED from src\main\AndroidManifest.xml:181:13-56
	android:theme
		ADDED from src\main\AndroidManifest.xml:182:13-55
	android:name
		ADDED from src\main\AndroidManifest.xml:180:13-54
activity#com.viewpagerindicator.sample.SampleTitlesStyledTheme
ADDED from src\main\AndroidManifest.xml:188:9-196:20
	android:label
		ADDED from src\main\AndroidManifest.xml:190:13-54
	android:theme
		ADDED from src\main\AndroidManifest.xml:191:13-52
	android:name
		ADDED from src\main\AndroidManifest.xml:189:13-52
activity#com.viewpagerindicator.sample.SampleTitlesTriangle
ADDED from src\main\AndroidManifest.xml:197:9-204:20
	android:label
		ADDED from src\main\AndroidManifest.xml:199:13-50
	android:name
		ADDED from src\main\AndroidManifest.xml:198:13-49
activity#com.viewpagerindicator.sample.SampleTitlesWithListener
ADDED from src\main\AndroidManifest.xml:205:9-212:20
	android:label
		ADDED from src\main\AndroidManifest.xml:207:13-49
	android:name
		ADDED from src\main\AndroidManifest.xml:206:13-53
activity#com.viewpagerindicator.sample.SampleTabsDefault
ADDED from src\main\AndroidManifest.xml:216:9-224:20
	android:label
		ADDED from src\main\AndroidManifest.xml:218:13-41
	android:theme
		ADDED from src\main\AndroidManifest.xml:219:13-63
	android:name
		ADDED from src\main\AndroidManifest.xml:217:13-46
activity#com.viewpagerindicator.sample.SampleTabsStyled
ADDED from src\main\AndroidManifest.xml:225:9-233:20
	android:label
		ADDED from src\main\AndroidManifest.xml:227:13-40
	android:theme
		ADDED from src\main\AndroidManifest.xml:228:13-52
	android:name
		ADDED from src\main\AndroidManifest.xml:226:13-45
activity#com.viewpagerindicator.sample.SampleTabsWithIcons
ADDED from src\main\AndroidManifest.xml:234:9-242:20
	android:label
		ADDED from src\main\AndroidManifest.xml:236:13-44
	android:theme
		ADDED from src\main\AndroidManifest.xml:237:13-52
	android:name
		ADDED from src\main\AndroidManifest.xml:235:13-48
activity#com.viewpagerindicator.sample.SampleUnderlinesDefault
ADDED from src\main\AndroidManifest.xml:246:9-253:20
	android:label
		ADDED from src\main\AndroidManifest.xml:248:13-47
	android:name
		ADDED from src\main\AndroidManifest.xml:247:13-52
activity#com.viewpagerindicator.sample.SampleUnderlinesNoFade
ADDED from src\main\AndroidManifest.xml:254:9-261:20
	android:label
		ADDED from src\main\AndroidManifest.xml:256:13-47
	android:name
		ADDED from src\main\AndroidManifest.xml:255:13-51
activity#com.viewpagerindicator.sample.SampleUnderlinesStyledLayout
ADDED from src\main\AndroidManifest.xml:262:9-270:20
	android:label
		ADDED from src\main\AndroidManifest.xml:264:13-59
	android:theme
		ADDED from src\main\AndroidManifest.xml:265:13-55
	android:name
		ADDED from src\main\AndroidManifest.xml:263:13-57
activity#com.viewpagerindicator.sample.SampleUnderlinesStyledMethods
ADDED from src\main\AndroidManifest.xml:271:9-279:20
	android:label
		ADDED from src\main\AndroidManifest.xml:273:13-60
	android:theme
		ADDED from src\main\AndroidManifest.xml:274:13-55
	android:name
		ADDED from src\main\AndroidManifest.xml:272:13-58
activity#com.viewpagerindicator.sample.SampleUnderlinesStyledTheme
ADDED from src\main\AndroidManifest.xml:280:9-288:20
	android:label
		ADDED from src\main\AndroidManifest.xml:282:13-58
	android:theme
		ADDED from src\main\AndroidManifest.xml:283:13-52
	android:name
		ADDED from src\main\AndroidManifest.xml:281:13-56